<?xml version="1.0" encoding="UTF-8"?>
<!-- Generated by org.testng.reporters.JUnitReportReporter -->
<testsuite skipped="0" hostname="SandeepPC" name="testscripts.RestAssuredTest" tests="1" failures="0" timestamp="2021-12-25T10:58:22 IST" time="2.927" errors="0">
  <testcase name="testRestService" time="2.927" classname="testscripts.RestAssuredTest"/>
  <system-out/>
</testsuite> <!-- testscripts.RestAssuredTest -->
