<?xml version="1.0" encoding="UTF-8"?>
<!-- Generated by org.testng.reporters.JUnitReportReporter -->
<testsuite skipped="0" hostname="SandeepPC" name="testscripts.RestAssuredTest" tests="1" failures="0" timestamp="2021-12-23T20:15:14 IST" time="3.041" errors="0">
  <testcase name="testRestService" time="3.041" classname="testscripts.RestAssuredTest"/>
  <system-out/>
</testsuite> <!-- testscripts.RestAssuredTest -->
